<?xml version="1.0" encoding="UTF-8"?>
<!-- Generated by org.testng.reporters.JUnitXMLReporter -->
<testsuite hostname="LAPTOP-2FUVDDR2" ignored="0" name="ChromeTest" tests="3" failures="0" timestamp="20 Aug 2021 16:43:20 GMT" time="290.302" errors="0">
  <testcase name="newproductcreation" time="67.354" classname="Com.vtiger.Testscripts.Createnewproductgold"/>
  <testcase name="newleadcreation" time="32.234" classname="Com.vtiger.Testscripts.Createnewlead"/>
  <testcase name="newcontactcreation" time="18.319" classname="Com.vtiger.Testscripts.Createnewcontact"/>
</testsuite> <!-- ChromeTest -->
