<?xml version="1.0" encoding="UTF-8"?>
<!-- Generated by org.testng.reporters.JUnitXMLReporter -->
<testsuite hostname="LAPTOP-2FUVDDR2" ignored="1" name="Test" tests="2" failures="0" timestamp="19 Aug 2021 20:32:23 GMT" time="0.077" errors="0">
  <testcase name="@BeforeClass lunchbrowser" time="0.0" classname="Com.vtiger.genericlib.Baseclass">
    <failure type="org.testng.TestNGException" message="
Parameter &amp;apos;browser&amp;apos; is required by BeforeClass on method lunchbrowser but has not been marked @Optional or defined
in D:\eclipse work\Myproject\testng.xml">
      <![CDATA[org.testng.TestNGException: 
Parameter 'browser' is required by BeforeClass on method lunchbrowser but has not been marked @Optional or defined
in D:\eclipse work\Myproject\testng.xml
at java.util.concurrent.ThreadPoolExecutor.runWorker(Unknown Source)
at java.util.concurrent.ThreadPoolExecutor$Worker.run(Unknown Source)
at java.lang.Thread.run(Unknown Source)
... Removed 8 stack frames]]>
    </failure>
  </testcase> <!-- @BeforeClass lunchbrowser -->
  <testcase name="@BeforeClass lunchbrowser" time="0.0" classname="Com.vtiger.genericlib.Baseclass">
    <failure type="org.testng.TestNGException" message="
Parameter &amp;apos;browser&amp;apos; is required by BeforeClass on method lunchbrowser but has not been marked @Optional or defined
in D:\eclipse work\Myproject\testng.xml">
      <![CDATA[org.testng.TestNGException: 
Parameter 'browser' is required by BeforeClass on method lunchbrowser but has not been marked @Optional or defined
in D:\eclipse work\Myproject\testng.xml
at java.util.concurrent.ThreadPoolExecutor.runWorker(Unknown Source)
at java.util.concurrent.ThreadPoolExecutor$Worker.run(Unknown Source)
at java.lang.Thread.run(Unknown Source)
... Removed 8 stack frames]]>
    </failure>
  </testcase> <!-- @BeforeClass lunchbrowser -->
  <testcase name="@BeforeMethod login" time="0.007" classname="Com.vtiger.genericlib.Baseclass">
    <failure type="java.lang.NullPointerException">
      <![CDATA[java.lang.NullPointerException
at Com.vtiger.genericlib.Baseclass.login(Baseclass.java:53)
at java.util.concurrent.ThreadPoolExecutor.runWorker(Unknown Source)
at java.util.concurrent.ThreadPoolExecutor$Worker.run(Unknown Source)
at java.lang.Thread.run(Unknown Source)
... Removed 13 stack frames]]>
    </failure>
  </testcase> <!-- @BeforeMethod login -->
  <testcase name="@BeforeMethod login" time="0.007" classname="Com.vtiger.genericlib.Baseclass">
    <failure type="java.lang.NullPointerException">
      <![CDATA[java.lang.NullPointerException
at Com.vtiger.genericlib.Baseclass.login(Baseclass.java:53)
at java.util.concurrent.ThreadPoolExecutor.runWorker(Unknown Source)
at java.util.concurrent.ThreadPoolExecutor$Worker.run(Unknown Source)
at java.lang.Thread.run(Unknown Source)
... Removed 13 stack frames]]>
    </failure>
  </testcase> <!-- @BeforeMethod login -->
  <testcase name="@AfterMethod logout" time="0.004" classname="Com.vtiger.genericlib.Baseclass">
    <failure type="java.lang.NullPointerException">
      <![CDATA[java.lang.NullPointerException
at Com.vtiger.genericlib.Baseclass.logout(Baseclass.java:62)
at java.util.concurrent.ThreadPoolExecutor.runWorker(Unknown Source)
at java.util.concurrent.ThreadPoolExecutor$Worker.run(Unknown Source)
at java.lang.Thread.run(Unknown Source)
... Removed 13 stack frames]]>
    </failure>
  </testcase> <!-- @AfterMethod logout -->
  <testcase name="@AfterMethod logout" time="0.006" classname="Com.vtiger.genericlib.Baseclass">
    <failure type="java.lang.NullPointerException">
      <![CDATA[java.lang.NullPointerException
at Com.vtiger.genericlib.Baseclass.logout(Baseclass.java:62)
at java.util.concurrent.ThreadPoolExecutor.runWorker(Unknown Source)
at java.util.concurrent.ThreadPoolExecutor$Worker.run(Unknown Source)
at java.lang.Thread.run(Unknown Source)
... Removed 13 stack frames]]>
    </failure>
  </testcase> <!-- @AfterMethod logout -->
  <testcase name="@AfterClass closebrowser" time="0.001" classname="Com.vtiger.genericlib.Baseclass">
    <failure type="java.lang.NullPointerException">
      <![CDATA[java.lang.NullPointerException
at Com.vtiger.genericlib.Baseclass.closebrowser(Baseclass.java:71)
at java.util.concurrent.ThreadPoolExecutor.runWorker(Unknown Source)
at java.util.concurrent.ThreadPoolExecutor$Worker.run(Unknown Source)
at java.lang.Thread.run(Unknown Source)
... Removed 11 stack frames]]>
    </failure>
  </testcase> <!-- @AfterClass closebrowser -->
  <testcase name="@AfterClass closebrowser" time="0.0" classname="Com.vtiger.genericlib.Baseclass">
    <failure type="java.lang.NullPointerException">
      <![CDATA[java.lang.NullPointerException
at Com.vtiger.genericlib.Baseclass.closebrowser(Baseclass.java:71)
at java.util.concurrent.ThreadPoolExecutor.runWorker(Unknown Source)
at java.util.concurrent.ThreadPoolExecutor$Worker.run(Unknown Source)
at java.lang.Thread.run(Unknown Source)
... Removed 11 stack frames]]>
    </failure>
  </testcase> <!-- @AfterClass closebrowser -->
  <testcase name="newcontactcreation" time="0.0" classname="Com.vtiger.Testscripts.Createnewcontact">
    <skipped/>
  </testcase> <!-- newcontactcreation -->
  <testcase name="newproductcreation" time="0.0" classname="Com.vtiger.Testscripts.Createnewproductgold">
    <skipped/>
  </testcase> <!-- newproductcreation -->
  <testcase name="newleadcreation" time="0.0" classname="Com.vtiger.Testscripts.Createnewlead">
    <ignored/>
  </testcase> <!-- newleadcreation -->
</testsuite> <!-- Test -->
